<?xml version="1.0" encoding="UTF-8"?>
<testsuite xmlns:xsi="http://www.w3.org/2001/XMLSchema-instance" xsi:noNamespaceSchemaLocation="https://maven.apache.org/surefire/maven-surefire-plugin/xsd/surefire-test-report-3.0.xsd" version="3.0" name="br.com.fiap.checkPoint05.CheckPoint05ApplicationTests" time="1.928" tests="1" errors="0" skipped="0" failures="0">
  <properties>
[...]
</properties>
  <testcase name="contextLoads" classname="br.com.fiap.checkPoint05.CheckPoint05ApplicationTests" time="0.45">
    <system-out><![CDATA[21:22:34.852 [main] INFO org.springframework.test.context.support.AnnotationConfigContextLoaderUtils -- Could not detect default configuration classes for test class [br.com.fiap.checkPoint05.CheckPoint05ApplicationTests]: CheckPoint05ApplicationTests does not declare any static, non-private, non-final, nested classes annotated with @Configuration.
21:22:34.903 [main] INFO org.springframework.boot.test.context.SpringBootTestContextBootstrapper -- Found @SpringBootConfiguration br.com.fiap.checkPoint05.CheckPoint05Application for test class br.com.fiap.checkPoint05.CheckPoint05ApplicationTests

  .   ____          _            __ _ _
 /\\ / ___'_ __ _ _(_)_ __  __ _ \ \ \ \
( ( )\___ | '_ | '_| | '_ \/ _` | \ \ \ \
 \\/  ___)| |_)| | | | | || (_| |  ) ) ) )
  '  |____| .__|_| |_|_| |_\__, | / / / /
 =========|_|==============|___/=/_/_/_/

 :: Spring Boot ::                (v3.3.5)

2026-05-08T21:22:35.166-03:00  INFO 20944 --- [checkPoint05] [           main] b.c.f.c.CheckPoint05ApplicationTests     : Starting CheckPoint05ApplicationTests using Java 17.0.15 with PID 20944 (started by labsfiap in C:\Users\labsfiap\Downloads\checkPoint05-atualizado\checkPoint05)
2026-05-08T21:22:35.167-03:00  INFO 20944 --- [checkPoint05] [           main] b.c.f.c.CheckPoint05ApplicationTests     : No active profile set, falling back to 1 default profile: "default"
2026-05-08T21:22:36.238-03:00  INFO 20944 --- [checkPoint05] [           main] b.c.f.c.CheckPoint05ApplicationTests     : Started CheckPoint05ApplicationTests in 1.26 seconds (process running for 1.734)
]]></system-out>
  </testcase>
</testsuite>